{"contracts/data/MemberDataLayout.sol":{"l":{},"path":"/Users/swallow/hoby/zinkaq/blockchain/contracts/data/MemberDataLayout.sol","s":{},"b":{},"f":{},"fnMap":{},"statementMap":{},"branchMap":{}},"contracts/v1/Zinkaq.sol":{"l":{"16":3,"17":3,"21":5,"22":1,"26":4,"30":1,"34":0,"38":5,"42":4,"46":4,"47":3,"48":3,"49":3,"50":3,"51":3,"52":3,"53":3,"57":1,"58":1,"59":1,"60":1,"61":1,"65":0,"70":2,"74":2,"78":1},"path":"/Users/swallow/hoby/zinkaq/blockchain/contracts/v1/Zinkaq.sol","s":{"1":3,"2":3,"3":5,"4":4,"5":1,"6":0,"7":5,"8":4,"9":4,"10":3,"11":3,"12":3,"13":3,"14":3,"15":3,"16":3,"17":1,"18":1,"19":1,"20":1,"21":1,"22":0,"23":2,"24":2,"25":1},"b":{"1":[1,4],"2":[3,1],"3":[1,0]},"f":{"1":3,"2":5,"3":4,"4":1,"5":0,"6":5,"7":4,"8":4,"9":1,"10":0,"11":2,"12":2,"13":1},"fnMap":{"1":{"name":"constructor","line":12,"loc":{"start":{"line":12,"column":2},"end":{"line":18,"column":2}}},"2":{"name":"ownOnly","line":20,"loc":{"start":{"line":20,"column":2},"end":{"line":23,"column":2}}},"3":{"name":"mint","line":25,"loc":{"start":{"line":25,"column":2},"end":{"line":27,"column":2}}},"4":{"name":"changeUserName","line":29,"loc":{"start":{"line":29,"column":2},"end":{"line":31,"column":2}}},"5":{"name":"changeMetadataUrl","line":33,"loc":{"start":{"line":33,"column":2},"end":{"line":35,"column":2}}},"6":{"name":"existUserName","line":37,"loc":{"start":{"line":37,"column":2},"end":{"line":39,"column":2}}},"7":{"name":"getIdByUserName","line":41,"loc":{"start":{"line":41,"column":2},"end":{"line":43,"column":2}}},"8":{"name":"_mint","line":45,"loc":{"start":{"line":45,"column":2},"end":{"line":54,"column":2}}},"9":{"name":"_changeUserName","line":56,"loc":{"start":{"line":56,"column":2},"end":{"line":62,"column":2}}},"10":{"name":"_changeMetadataUrl","line":64,"loc":{"start":{"line":64,"column":4},"end":{"line":66,"column":4}}},"11":{"name":"ownerOf","line":69,"loc":{"start":{"line":69,"column":2},"end":{"line":71,"column":2}}},"12":{"name":"balanceOf","line":73,"loc":{"start":{"line":73,"column":2},"end":{"line":75,"column":2}}},"13":{"name":"tokenURI","line":77,"loc":{"start":{"line":77,"column":2},"end":{"line":79,"column":2}}}},"statementMap":{"1":{"start":{"line":16,"column":4},"end":{"line":16,"column":17}},"2":{"start":{"line":17,"column":4},"end":{"line":17,"column":32}},"3":{"start":{"line":21,"column":4},"end":{"line":21,"column":61}},"4":{"start":{"line":26,"column":4},"end":{"line":26,"column":41}},"5":{"start":{"line":30,"column":4},"end":{"line":30,"column":34}},"6":{"start":{"line":34,"column":4},"end":{"line":34,"column":40}},"7":{"start":{"line":38,"column":4},"end":{"line":38,"column":39}},"8":{"start":{"line":42,"column":4},"end":{"line":42,"column":34}},"9":{"start":{"line":46,"column":4},"end":{"line":46,"column":69}},"10":{"start":{"line":47,"column":4},"end":{"line":47,"column":18}},"11":{"start":{"line":48,"column":4},"end":{"line":48,"column":32}},"12":{"start":{"line":49,"column":4},"end":{"line":49,"column":31}},"13":{"start":{"line":50,"column":4},"end":{"line":50,"column":39}},"14":{"start":{"line":51,"column":4},"end":{"line":51,"column":34}},"15":{"start":{"line":52,"column":4},"end":{"line":52,"column":39}},"16":{"start":{"line":53,"column":4},"end":{"line":53,"column":21}},"17":{"start":{"line":57,"column":4},"end":{"line":57,"column":69}},"18":{"start":{"line":58,"column":4},"end":{"line":58,"column":49}},"19":{"start":{"line":59,"column":4},"end":{"line":59,"column":32}},"20":{"start":{"line":60,"column":4},"end":{"line":60,"column":32}},"21":{"start":{"line":61,"column":4},"end":{"line":61,"column":32}},"22":{"start":{"line":65,"column":6},"end":{"line":65,"column":29}},"23":{"start":{"line":70,"column":4},"end":{"line":70,"column":25}},"24":{"start":{"line":74,"column":4},"end":{"line":74,"column":30}},"25":{"start":{"line":78,"column":4},"end":{"line":78,"column":28}}},"branchMap":{"1":{"line":21,"type":"if","locations":[{"start":{"line":21,"column":4},"end":{"line":21,"column":4}},{"start":{"line":21,"column":4},"end":{"line":21,"column":4}}]},"2":{"line":46,"type":"if","locations":[{"start":{"line":46,"column":4},"end":{"line":46,"column":4}},{"start":{"line":46,"column":4},"end":{"line":46,"column":4}}]},"3":{"line":57,"type":"if","locations":[{"start":{"line":57,"column":4},"end":{"line":57,"column":4}},{"start":{"line":57,"column":4},"end":{"line":57,"column":4}}]}}},"contracts/v1/ZinkaqInterface.sol":{"l":{},"path":"/Users/swallow/hoby/zinkaq/blockchain/contracts/v1/ZinkaqInterface.sol","s":{},"b":{},"f":{},"fnMap":{},"statementMap":{},"branchMap":{}}}